<?xml version="1.0" encoding="UTF-8"?>
<!-- Generated by org.testng.reporters.JUnitXMLReporter -->
<testsuite ignored="2" hostname="DESKTOP-7UARISK" failures="0" tests="1" name="Test" time="7.935" errors="0" timestamp="2021-09-12T21:09:16 EEST">
  <testcase classname="org.nafeth.subscriptionsTests.SubscriptionsTests" name="@BeforeTest testsPrerequisites" time="6.154">
    <failure type="java.lang.NullPointerException" message="Cannot invoke &amp;quot;org.openqa.selenium.SearchContext.findElement(org.openqa.selenium.By)&amp;quot; because &amp;quot;this.searchContext&amp;quot; is null">
      <![CDATA[java.lang.NullPointerException: Cannot invoke "org.openqa.selenium.SearchContext.findElement(org.openqa.selenium.By)" because "this.searchContext" is null
at org.openqa.selenium.support.pagefactory.DefaultElementLocator.findElement(DefaultElementLocator.java:69)
at org.openqa.selenium.support.pagefactory.internal.LocatingElementHandler.invoke(LocatingElementHandler.java:38)
at jdk.proxy2/jdk.proxy2.$Proxy12.isDisplayed(Unknown Source)
at org.openqa.selenium.support.ui.ExpectedConditions.elementIfVisible(ExpectedConditions.java:314)
at org.openqa.selenium.support.ui.ExpectedConditions.access$000(ExpectedConditions.java:43)
at org.openqa.selenium.support.ui.ExpectedConditions$10.apply(ExpectedConditions.java:300)
at org.openqa.selenium.support.ui.ExpectedConditions$10.apply(ExpectedConditions.java:297)
at org.openqa.selenium.support.ui.ExpectedConditions$23.apply(ExpectedConditions.java:670)
at org.openqa.selenium.support.ui.ExpectedConditions$23.apply(ExpectedConditions.java:666)
at org.openqa.selenium.support.ui.FluentWait.until(FluentWait.java:249)
at org.nafeth.helpers.Functions.waitForElementToBeClickable(Functions.java:22)
at org.nafeth.pageModels.LoginPage.fillUserNameFieldwith(LoginPage.java:32)
at org.nafeth.subscriptionsTests.SubscriptionsTests.testsPrerequisites(SubscriptionsTests.java:23)
... Removed 24 stack frames]]>
    </failure>
  </testcase> <!-- @BeforeTest testsPrerequisites -->
  <testcase classname="org.nafeth.base.Configurations" name="@AfterTest testTearDown" time="-1.631470156124E9">
    <skipped/>
  </testcase> <!-- @AfterTest testTearDown -->
  <testcase classname="org.nafeth.subscriptionsTests.SubscriptionsTests" name="verifyHiddenAvailableServiceCards" time="0.0">
    <skipped/>
  </testcase> <!-- verifyHiddenAvailableServiceCards -->
  <testcase classname="org.nafeth.base.Configurations" name="@AfterTest testTearDown" time="0.0">
    <ignored/>
  </testcase> <!-- @AfterTest testTearDown -->
  <testcase classname="org.nafeth.base.Configurations" name="@BeforeTest testSetup" time="0.0">
    <ignored/>
  </testcase> <!-- @BeforeTest testSetup -->
</testsuite> <!-- Test -->
